Determining if the pthread_create exist failed with the following output:
Change Dir: /home/sindu/beldexcoin/CMakeFiles/CMakeTmp

Run Build Command:"/usr/bin/make" "cmTC_2d4bd/fast"
/usr/bin/make -f CMakeFiles/cmTC_2d4bd.dir/build.make CMakeFiles/cmTC_2d4bd.dir/build
make[1]: Entering directory '/home/sindu/beldexcoin/CMakeFiles/CMakeTmp'
Building C object CMakeFiles/cmTC_2d4bd.dir/CheckSymbolExists.c.o
/usr/bin/cc   -std=c11  -Wall -Wextra -Wpointer-arith -Wundef -Wvla -Wwrite-strings -Werror -Wno-error=extra -Wno-error=unused-function -Wno-error=deprecated-declarations -Wno-error=sign-compare -Wno-error=strict-aliasing -Wno-error=type-limits -Wno-unused-parameter -Wno-error=unused-variable -Wno-error=undef -Wno-error=uninitialized -Wno-error=unused-result -Wlogical-op -Wno-error=maybe-uninitialized -Wno-error=clobbered -Wno-error=unused-but-set-variable -Wno-error=odr -Waggregate-return -Wnested-externs -Wold-style-definition -Wstrict-prototypes -march=native -maes    -o CMakeFiles/cmTC_2d4bd.dir/CheckSymbolExists.c.o   -c /home/sindu/beldexcoin/CMakeFiles/CMakeTmp/CheckSymbolExists.c
Linking C executable cmTC_2d4bd
/usr/bin/cmake -E cmake_link_script CMakeFiles/cmTC_2d4bd.dir/link.txt --verbose=1
/usr/bin/cc  -std=c11  -Wall -Wextra -Wpointer-arith -Wundef -Wvla -Wwrite-strings -Werror -Wno-error=extra -Wno-error=unused-function -Wno-error=deprecated-declarations -Wno-error=sign-compare -Wno-error=strict-aliasing -Wno-error=type-limits -Wno-unused-parameter -Wno-error=unused-variable -Wno-error=undef -Wno-error=uninitialized -Wno-error=unused-result -Wlogical-op -Wno-error=maybe-uninitialized -Wno-error=clobbered -Wno-error=unused-but-set-variable -Wno-error=odr -Waggregate-return -Wnested-externs -Wold-style-definition -Wstrict-prototypes -march=native -maes     -rdynamic CMakeFiles/cmTC_2d4bd.dir/CheckSymbolExists.c.o  -o cmTC_2d4bd 
CMakeFiles/cmTC_2d4bd.dir/CheckSymbolExists.c.o: In function `main':
CheckSymbolExists.c:(.text+0x1b): undefined reference to `pthread_create'
collect2: error: ld returned 1 exit status
CMakeFiles/cmTC_2d4bd.dir/build.make:97: recipe for target 'cmTC_2d4bd' failed
make[1]: *** [cmTC_2d4bd] Error 1
make[1]: Leaving directory '/home/sindu/beldexcoin/CMakeFiles/CMakeTmp'
Makefile:126: recipe for target 'cmTC_2d4bd/fast' failed
make: *** [cmTC_2d4bd/fast] Error 2

File /home/sindu/beldexcoin/CMakeFiles/CMakeTmp/CheckSymbolExists.c:
/* */
#include <pthread.h>

int main(int argc, char** argv)
{
  (void)argv;
#ifndef pthread_create
  return ((int*)(&pthread_create))[argc];
#else
  (void)argc;
  return 0;
#endif
}

Determining if the function pthread_create exists in the pthreads failed with the following output:
Change Dir: /home/sindu/beldexcoin/CMakeFiles/CMakeTmp

Run Build Command:"/usr/bin/make" "cmTC_427a7/fast"
/usr/bin/make -f CMakeFiles/cmTC_427a7.dir/build.make CMakeFiles/cmTC_427a7.dir/build
make[1]: Entering directory '/home/sindu/beldexcoin/CMakeFiles/CMakeTmp'
Building C object CMakeFiles/cmTC_427a7.dir/CheckFunctionExists.c.o
/usr/bin/cc   -std=c11  -Wall -Wextra -Wpointer-arith -Wundef -Wvla -Wwrite-strings -Werror -Wno-error=extra -Wno-error=unused-function -Wno-error=deprecated-declarations -Wno-error=sign-compare -Wno-error=strict-aliasing -Wno-error=type-limits -Wno-unused-parameter -Wno-error=unused-variable -Wno-error=undef -Wno-error=uninitialized -Wno-error=unused-result -Wlogical-op -Wno-error=maybe-uninitialized -Wno-error=clobbered -Wno-error=unused-but-set-variable -Wno-error=odr -Waggregate-return -Wnested-externs -Wold-style-definition -Wstrict-prototypes -march=native -maes -DCHECK_FUNCTION_EXISTS=pthread_create   -o CMakeFiles/cmTC_427a7.dir/CheckFunctionExists.c.o   -c /usr/share/cmake-3.9/Modules/CheckFunctionExists.c
Linking C executable cmTC_427a7
/usr/bin/cmake -E cmake_link_script CMakeFiles/cmTC_427a7.dir/link.txt --verbose=1
/usr/bin/cc  -std=c11  -Wall -Wextra -Wpointer-arith -Wundef -Wvla -Wwrite-strings -Werror -Wno-error=extra -Wno-error=unused-function -Wno-error=deprecated-declarations -Wno-error=sign-compare -Wno-error=strict-aliasing -Wno-error=type-limits -Wno-unused-parameter -Wno-error=unused-variable -Wno-error=undef -Wno-error=uninitialized -Wno-error=unused-result -Wlogical-op -Wno-error=maybe-uninitialized -Wno-error=clobbered -Wno-error=unused-but-set-variable -Wno-error=odr -Waggregate-return -Wnested-externs -Wold-style-definition -Wstrict-prototypes -march=native -maes -DCHECK_FUNCTION_EXISTS=pthread_create    -rdynamic CMakeFiles/cmTC_427a7.dir/CheckFunctionExists.c.o  -o cmTC_427a7 -lpthreads 
/usr/bin/ld: cannot find -lpthreads
collect2: error: ld returned 1 exit status
CMakeFiles/cmTC_427a7.dir/build.make:97: recipe for target 'cmTC_427a7' failed
make[1]: *** [cmTC_427a7] Error 1
make[1]: Leaving directory '/home/sindu/beldexcoin/CMakeFiles/CMakeTmp'
Makefile:126: recipe for target 'cmTC_427a7/fast' failed
make: *** [cmTC_427a7/fast] Error 2


